2026-05-14 10:30:30,781 - INFO     - [api.fish_asr] [MainThread] - ASR 模块启动完成。
2026-05-14 10:30:30,811 - INFO     - [api.fish_asr] [MainThread] - ASR 线程池已创建，最大工作线程数: 10
2026-05-14 10:30:30,811 - INFO     - [api.fish_asr] [MainThread] - ASR API 信号量已创建，许可数: 20
2026-05-14 10:30:30,811 - INFO     - [api.fish_asr] [MainThread] - 全局共享的 httpx.AsyncClient 已创建。代理: 未配置
2026-05-14 11:41:45,272 - INFO     - [api.fish_asr] [MainThread] - 正在关闭 ASR 线程池...
2026-05-14 11:41:45,272 - INFO     - [api.fish_asr] [MainThread] - ASR 线程池已成功关闭。
2026-05-14 11:41:45,273 - INFO     - [api.fish_asr] [MainThread] - 正在关闭全局共享的 httpx.AsyncClient...
2026-05-14 11:41:45,273 - INFO     - [api.fish_asr] [MainThread] - 全局共享的 httpx.AsyncClient 已成功关闭。
2026-05-14 11:41:45,273 - INFO     - [api.fish_asr] [MainThread] - ASR 模块已成功关闭。
2026-05-14 11:42:11,788 - INFO     - [api.fish_asr] [MainThread] - ASR 模块启动完成。
2026-05-14 11:42:11,788 - INFO     - [api.fish_asr] [MainThread] - ASR 线程池已创建，最大工作线程数: 10
2026-05-14 11:42:11,788 - INFO     - [api.fish_asr] [MainThread] - ASR API 信号量已创建，许可数: 20
2026-05-14 11:42:11,788 - INFO     - [api.fish_asr] [MainThread] - 全局共享的 httpx.AsyncClient 已创建。代理: 未配置
2026-05-14 11:49:28,836 - INFO     - [api.fish_asr] [MainThread] - 正在关闭 ASR 线程池...
2026-05-14 11:49:28,836 - INFO     - [api.fish_asr] [MainThread] - ASR 线程池已成功关闭。
2026-05-14 11:49:28,836 - INFO     - [api.fish_asr] [MainThread] - 正在关闭全局共享的 httpx.AsyncClient...
2026-05-14 11:49:28,861 - INFO     - [api.fish_asr] [MainThread] - 全局共享的 httpx.AsyncClient 已成功关闭。
2026-05-14 11:49:28,861 - INFO     - [api.fish_asr] [MainThread] - ASR 模块已成功关闭。
2026-05-14 11:49:36,226 - INFO     - [api.fish_asr] [MainThread] - ASR 模块启动完成。
2026-05-14 11:49:36,226 - INFO     - [api.fish_asr] [MainThread] - ASR 线程池已创建，最大工作线程数: 10
2026-05-14 11:49:36,226 - INFO     - [api.fish_asr] [MainThread] - ASR API 信号量已创建，许可数: 20
2026-05-14 11:49:36,226 - INFO     - [api.fish_asr] [MainThread] - 全局共享的 httpx.AsyncClient 已创建。代理: 未配置
