2026-05-12 11:48:22,714 - INFO     - [__main__] [MainThread] - 主应用日志系统已启动。
2026-05-12 11:48:22,726 - INFO     - [__main__] [MainThread] - 第三方库日志级别已设置为 WARNING，以减少噪音。
2026-05-12 11:48:22,727 - INFO     - [__main__] [MainThread] - 正在加载路由模块...
2026-05-12 11:48:23,390 - INFO     - [main] [MainThread] - 主应用日志系统已启动。
2026-05-12 11:48:23,390 - INFO     - [main] [MainThread] - 第三方库日志级别已设置为 WARNING，以减少噪音。
2026-05-12 11:48:23,390 - INFO     - [main] [MainThread] - 正在加载路由模块...
2026-05-12 11:48:23,428 - INFO     - [main] [MainThread] - 应用启动...
2026-05-12 11:48:23,560 - ERROR    - [main] [MainThread] - 数据库连接失败: password authentication failed for user "root"
2026-05-12 11:48:23,561 - INFO     - [main] [MainThread] - router 资源就绪: api.tts
2026-05-12 11:48:23,561 - INFO     - [main] [MainThread] - router 资源就绪: api.cre_audio
2026-05-12 11:48:24,254 - INFO     - [main] [MainThread] - router 资源就绪: api.cre_video
2026-05-12 11:48:24,985 - INFO     - [main] [MainThread] - router 资源就绪: api.cre_image
2026-05-12 11:48:25,649 - INFO     - [main] [MainThread] - router 资源就绪: api.fish_asr
2026-05-12 11:48:33,255 - INFO     - [main] [MainThread] - router 资源就绪: api.job_search_v2
2026-05-12 11:48:33,256 - INFO     - [main] [MainThread] - router 资源就绪: api.gemini_live
2026-05-12 14:36:49,724 - INFO     - [main] [MainThread] - 应用关闭：开始释放各 router 资源...
2026-05-12 14:36:49,746 - INFO     - [main] [MainThread] - 应用关闭完成。
2026-05-12 14:36:56,539 - INFO     - [__main__] [MainThread] - 主应用日志系统已启动。
2026-05-12 14:36:56,539 - INFO     - [__main__] [MainThread] - 第三方库日志级别已设置为 WARNING，以减少噪音。
2026-05-12 14:36:56,539 - INFO     - [__main__] [MainThread] - 正在加载路由模块...
2026-05-12 14:36:56,624 - INFO     - [main] [MainThread] - 主应用日志系统已启动。
2026-05-12 14:36:56,624 - INFO     - [main] [MainThread] - 第三方库日志级别已设置为 WARNING，以减少噪音。
2026-05-12 14:36:56,624 - INFO     - [main] [MainThread] - 正在加载路由模块...
2026-05-12 14:36:56,660 - INFO     - [main] [MainThread] - 应用启动...
2026-05-12 14:36:56,733 - ERROR    - [main] [MainThread] - 数据库连接失败: password authentication failed for user "root"
2026-05-12 14:36:56,734 - INFO     - [main] [MainThread] - router 资源就绪: api.tts
2026-05-12 14:36:56,735 - INFO     - [main] [MainThread] - router 资源就绪: api.cre_audio
2026-05-12 14:36:57,449 - INFO     - [main] [MainThread] - router 资源就绪: api.cre_video
2026-05-12 14:36:58,099 - INFO     - [main] [MainThread] - router 资源就绪: api.cre_image
2026-05-12 14:36:58,782 - INFO     - [main] [MainThread] - router 资源就绪: api.fish_asr
2026-05-12 14:37:08,143 - INFO     - [main] [MainThread] - router 资源就绪: api.job_search_v2
2026-05-12 14:37:08,144 - INFO     - [main] [MainThread] - router 资源就绪: api.gemini_live
2026-05-12 14:41:31,377 - INFO     - [main] [MainThread] - 应用关闭：开始释放各 router 资源...
2026-05-12 14:41:31,395 - INFO     - [main] [MainThread] - 应用关闭完成。
